Copyright 1986-2018 Xilinx, Inc. All Rights Reserved.
-----------------------------------------------------------------------------------------------
| Tool Version : Vivado v.2018.3 (win64) Build 2405991 Thu Dec  6 23:38:27 MST 2018
| Date         : Thu Jun 24 00:58:42 2021
| Host         : LAPTOP-PLJ77UIT running 64-bit major release  (build 9200)
| Command      : report_control_sets -verbose -file camera_vga_wrapper_control_sets_placed.rpt
| Design       : camera_vga_wrapper
| Device       : xc7z010
-----------------------------------------------------------------------------------------------

Control Set Information

Table of Contents
-----------------
1. Summary
2. Histogram
3. Flip-Flop Distribution
4. Detailed Control Set Information

1. Summary
----------

+----------------------------------------------------------+-------+
|                          Status                          | Count |
+----------------------------------------------------------+-------+
| Number of unique control sets                            |    14 |
| Unused register locations in slices containing registers |    42 |
+----------------------------------------------------------+-------+


2. Histogram
------------

+--------+--------------+
| Fanout | Control Sets |
+--------+--------------+
|      8 |            1 |
|     10 |            1 |
|     11 |            1 |
|     12 |            1 |
|     13 |            1 |
|    16+ |            9 |
+--------+--------------+


3. Flip-Flop Distribution
-------------------------

+--------------+-----------------------+------------------------+-----------------+--------------+
| Clock Enable | Synchronous Set/Reset | Asynchronous Set/Reset | Total Registers | Total Slices |
+--------------+-----------------------+------------------------+-----------------+--------------+
| No           | No                    | No                     |              35 |           22 |
| No           | No                    | Yes                    |               0 |            0 |
| No           | Yes                   | No                     |              56 |           20 |
| Yes          | No                    | No                     |              67 |           20 |
| Yes          | No                    | Yes                    |               0 |            0 |
| Yes          | Yes                   | No                     |              96 |           23 |
+--------------+-----------------------+------------------------+-----------------+--------------+


4. Detailed Control Set Information
-----------------------------------

+---------------------------------------+------------------------------------------------------------------------------+-------------------------------------------------------------------------+------------------+----------------+
|              Clock Signal             |                                 Enable Signal                                |                             Set/Reset Signal                            | Slice Load Count | Bel Load Count |
+---------------------------------------+------------------------------------------------------------------------------+-------------------------------------------------------------------------+------------------+----------------+
|  camera_vga_i/clk_wiz_0/inst/clk_out2 | camera_vga_i/ov7670_controller_0/U0/Inst_ov7670_registers/busy_sr_reg[31][0] |                                                                         |                3 |              8 |
|  camera_vga_i/clk_wiz_0/inst/clk_out1 | camera_vga_i/ov7670_vga_0/U0/vCounter_1                                      |                                                                         |                3 |             10 |
|  camera_vga_i/clk_wiz_0/inst/clk_out2 | camera_vga_i/ov7670_controller_0/U0/Inst_i2c_sender/busy_sr0                 | camera_vga_i/ov7670_controller_0/U0/Inst_i2c_sender/data_sr[30]_i_1_n_0 |                3 |             11 |
|  camera_vga_i/clk_wiz_0/inst/clk_out1 |                                                                              | camera_vga_i/ov7670_vga_0/U0/blank                                      |                9 |             12 |
|  camera_vga_i/clk_wiz_0/inst/clk_out1 |                                                                              |                                                                         |                5 |             13 |
|  camera_vga_i/clk_wiz_0/inst/clk_out2 | camera_vga_i/ov7670_controller_0/U0/Inst_i2c_sender/E[0]                     | camera_vga_i/debounce_0/U0/o                                            |                4 |             16 |
|  ov7670_pclk_IBUF_BUFG                | camera_vga_i/ov7670_capture_0/U0/p_1_in                                      | ov7670_vsync_IBUF                                                       |                5 |             19 |
|  camera_vga_i/clk_wiz_0/inst/clk_out1 | camera_vga_i/ov7670_vga_0/U0/sel                                             | camera_vga_i/ov7670_vga_0/U0/clear                                      |                5 |             19 |
|  ov7670_pclk_IBUF_BUFG                |                                                                              | ov7670_vsync_IBUF                                                       |                5 |             20 |
|  camera_vga_i/clk_wiz_0/inst/clk_out2 | camera_vga_i/ov7670_controller_0/U0/Inst_i2c_sender/busy_sr0                 |                                                                         |                4 |             21 |
|  camera_vga_i/clk_wiz_0/inst/clk_out2 |                                                                              |                                                                         |               17 |             22 |
|  camera_vga_i/clk_wiz_0/inst/clk_out2 |                                                                              | camera_vga_i/debounce_0/U0/clear                                        |                6 |             24 |
|  ov7670_pclk_IBUF_BUFG                | camera_vga_i/ov7670_capture_0/U0/p_0_in                                      |                                                                         |               10 |             28 |
|  camera_vga_i/clk_wiz_0/inst/clk_out2 | camera_vga_i/ov7670_controller_0/U0/Inst_i2c_sender/busy_sr0                 | camera_vga_i/ov7670_controller_0/U0/Inst_i2c_sender/busy_sr[31]_i_1_n_0 |                6 |             31 |
+---------------------------------------+------------------------------------------------------------------------------+-------------------------------------------------------------------------+------------------+----------------+


