00:35:16 INFO  : Registering command handlers for SDK TCF services
00:35:20 INFO  : Launching XSCT server: xsct.bat -interactive C:\Users\DLustosa\Desktop\Exemplo_vivado\CAM_OV7670_ZYBO\CAM_OV7670_ZYBO.sdk\temp_xsdb_launch_script.tcl
00:35:28 INFO  : XSCT server has started successfully.
00:35:33 INFO  : Successfully done setting XSCT server connection channel  
00:35:33 INFO  : Successfully done setting SDK workspace  
00:35:33 INFO  : Processing command line option -hwspec C:/Users/DLustosa/Desktop/Exemplo_vivado/CAM_OV7670_ZYBO/CAM_OV7670_ZYBO.sdk/camera_vga_wrapper.hdf.
00:44:28 INFO  : 'targets -set -filter {jtag_cable_name =~ "Digilent Zybo 210279A7901EA" && level==0} -index 1' command is executed.
00:44:28 INFO  : 'fpga -state' command is executed.
00:46:33 INFO  : Connected to target on host '127.0.0.1' and port '3121'.
00:46:33 INFO  : Jtag cable 'Digilent Zybo 210279A7901EA' is selected.
00:46:33 INFO  : 'jtag frequency' command is executed.
00:46:33 INFO  : Sourcing of 'C:/Users/DLustosa/Desktop/Exemplo_vivado/CAM_OV7670_ZYBO/CAM_OV7670_ZYBO.sdk/camera_vga_wrapper_hw_platform_0/ps7_init.tcl' is done.
00:46:33 INFO  : Context for 'APU' is selected.
00:46:33 INFO  : Hardware design information is loaded from 'C:/Users/DLustosa/Desktop/Exemplo_vivado/CAM_OV7670_ZYBO/CAM_OV7670_ZYBO.sdk/camera_vga_wrapper_hw_platform_0/system.hdf'.
00:46:33 INFO  : 'configparams force-mem-access 1' command is executed.
00:46:33 INFO  : Context for 'APU' is selected.
00:46:34 INFO  : 'stop' command is executed.
00:46:34 INFO  : 'ps7_init' command is executed.
00:46:34 INFO  : 'ps7_post_config' command is executed.
00:46:34 INFO  : Context for processor 'ps7_cortexa9_0' is selected.
00:46:34 INFO  : Processor reset is completed for 'ps7_cortexa9_0'.
00:46:34 INFO  : Context for processor 'ps7_cortexa9_0' is selected.
00:46:34 INFO  : The application 'C:/Users/DLustosa/Desktop/Exemplo_vivado/CAM_OV7670_ZYBO/CAM_OV7670_ZYBO.sdk/cam_zybo/Debug/cam_zybo.elf' is downloaded to processor 'ps7_cortexa9_0'.
00:46:34 INFO  : 'configparams force-mem-access 0' command is executed.
00:46:34 INFO  : ----------------XSDB Script----------------
connect -url tcp:127.0.0.1:3121
source C:/Users/DLustosa/Desktop/Exemplo_vivado/CAM_OV7670_ZYBO/CAM_OV7670_ZYBO.sdk/camera_vga_wrapper_hw_platform_0/ps7_init.tcl
targets -set -nocase -filter {name =~"APU*" && jtag_cable_name =~ "Digilent Zybo 210279A7901EA"} -index 0
loadhw -hw C:/Users/DLustosa/Desktop/Exemplo_vivado/CAM_OV7670_ZYBO/CAM_OV7670_ZYBO.sdk/camera_vga_wrapper_hw_platform_0/system.hdf -mem-ranges [list {0x40000000 0xbfffffff}]
configparams force-mem-access 1
targets -set -nocase -filter {name =~"APU*" && jtag_cable_name =~ "Digilent Zybo 210279A7901EA"} -index 0
stop
ps7_init
ps7_post_config
targets -set -nocase -filter {name =~ "ARM*#0" && jtag_cable_name =~ "Digilent Zybo 210279A7901EA"} -index 0
rst -processor
targets -set -nocase -filter {name =~ "ARM*#0" && jtag_cable_name =~ "Digilent Zybo 210279A7901EA"} -index 0
dow C:/Users/DLustosa/Desktop/Exemplo_vivado/CAM_OV7670_ZYBO/CAM_OV7670_ZYBO.sdk/cam_zybo/Debug/cam_zybo.elf
configparams force-mem-access 0
----------------End of Script----------------

00:46:34 INFO  : Memory regions updated for context APU
00:46:34 INFO  : Context for processor 'ps7_cortexa9_0' is selected.
00:46:34 INFO  : 'con' command is executed.
00:46:34 INFO  : ----------------XSDB Script (After Launch)----------------
targets -set -nocase -filter {name =~ "ARM*#0" && jtag_cable_name =~ "Digilent Zybo 210279A7901EA"} -index 0
con
----------------End of Script----------------

00:46:34 INFO  : Launch script is exported to file 'C:\Users\DLustosa\Desktop\Exemplo_vivado\CAM_OV7670_ZYBO\CAM_OV7670_ZYBO.sdk\.sdk\launch_scripts\xilinx_c-c++_application_(system_debugger)\system_debugger_using_debug_cam_zybo.elf_on_local.tcl'
00:46:59 INFO  : Disconnected from the channel tcfchan#1.
00:47:00 INFO  : 'targets -set -filter {jtag_cable_name =~ "Digilent Zybo 210279A7901EA" && level==0} -index 1' command is executed.
00:47:00 INFO  : 'fpga -state' command is executed.
00:47:16 INFO  : Connected to target on host '127.0.0.1' and port '3121'.
00:47:16 INFO  : Jtag cable 'Digilent Zybo 210279A7901EA' is selected.
00:47:16 INFO  : 'jtag frequency' command is executed.
00:47:16 INFO  : Sourcing of 'C:/Users/DLustosa/Desktop/Exemplo_vivado/CAM_OV7670_ZYBO/CAM_OV7670_ZYBO.sdk/camera_vga_wrapper_hw_platform_0/ps7_init.tcl' is done.
00:47:16 INFO  : Context for 'APU' is selected.
00:47:20 INFO  : Hardware design information is loaded from 'C:/Users/DLustosa/Desktop/Exemplo_vivado/CAM_OV7670_ZYBO/CAM_OV7670_ZYBO.sdk/camera_vga_wrapper_hw_platform_0/system.hdf'.
00:47:20 INFO  : 'configparams force-mem-access 1' command is executed.
00:47:20 INFO  : Context for 'APU' is selected.
00:47:20 INFO  : 'stop' command is executed.
00:47:21 INFO  : 'ps7_init' command is executed.
00:47:21 INFO  : 'ps7_post_config' command is executed.
00:47:21 INFO  : Context for processor 'ps7_cortexa9_0' is selected.
00:47:21 INFO  : Processor reset is completed for 'ps7_cortexa9_0'.
00:47:21 INFO  : Context for processor 'ps7_cortexa9_0' is selected.
00:47:21 INFO  : The application 'C:/Users/DLustosa/Desktop/Exemplo_vivado/CAM_OV7670_ZYBO/CAM_OV7670_ZYBO.sdk/cam_zybo/Debug/cam_zybo.elf' is downloaded to processor 'ps7_cortexa9_0'.
00:47:21 INFO  : 'configparams force-mem-access 0' command is executed.
00:47:21 INFO  : ----------------XSDB Script----------------
connect -url tcp:127.0.0.1:3121
source C:/Users/DLustosa/Desktop/Exemplo_vivado/CAM_OV7670_ZYBO/CAM_OV7670_ZYBO.sdk/camera_vga_wrapper_hw_platform_0/ps7_init.tcl
targets -set -nocase -filter {name =~"APU*" && jtag_cable_name =~ "Digilent Zybo 210279A7901EA"} -index 0
loadhw -hw C:/Users/DLustosa/Desktop/Exemplo_vivado/CAM_OV7670_ZYBO/CAM_OV7670_ZYBO.sdk/camera_vga_wrapper_hw_platform_0/system.hdf -mem-ranges [list {0x40000000 0xbfffffff}]
configparams force-mem-access 1
targets -set -nocase -filter {name =~"APU*" && jtag_cable_name =~ "Digilent Zybo 210279A7901EA"} -index 0
stop
ps7_init
ps7_post_config
targets -set -nocase -filter {name =~ "ARM*#0" && jtag_cable_name =~ "Digilent Zybo 210279A7901EA"} -index 0
rst -processor
targets -set -nocase -filter {name =~ "ARM*#0" && jtag_cable_name =~ "Digilent Zybo 210279A7901EA"} -index 0
dow C:/Users/DLustosa/Desktop/Exemplo_vivado/CAM_OV7670_ZYBO/CAM_OV7670_ZYBO.sdk/cam_zybo/Debug/cam_zybo.elf
configparams force-mem-access 0
----------------End of Script----------------

00:47:21 INFO  : Memory regions updated for context APU
00:47:21 INFO  : Context for processor 'ps7_cortexa9_0' is selected.
00:47:21 INFO  : 'con' command is executed.
00:47:21 INFO  : ----------------XSDB Script (After Launch)----------------
targets -set -nocase -filter {name =~ "ARM*#0" && jtag_cable_name =~ "Digilent Zybo 210279A7901EA"} -index 0
con
----------------End of Script----------------

00:47:21 INFO  : Launch script is exported to file 'C:\Users\DLustosa\Desktop\Exemplo_vivado\CAM_OV7670_ZYBO\CAM_OV7670_ZYBO.sdk\.sdk\launch_scripts\xilinx_c-c++_application_(system_debugger)\system_debugger_using_debug_cam_zybo.elf_on_local.tcl'
00:47:44 INFO  : Disconnected from the channel tcfchan#2.
