01:02:09 INFO  : Registering command handlers for SDK TCF services
01:02:11 INFO  : Launching XSCT server: xsct.bat -interactive C:\Users\DLustosa\Desktop\Teste_CAM_VGA\camera\camera.sdk\temp_xsdb_launch_script.tcl
01:02:18 INFO  : XSCT server has started successfully.
01:02:19 INFO  : Successfully done setting XSCT server connection channel  
01:02:19 INFO  : Successfully done setting SDK workspace  
01:02:19 INFO  : Processing command line option -hwspec C:/Users/DLustosa/Desktop/Teste_CAM_VGA/camera/camera.sdk/camera_vga_wrapper.hdf.
01:04:46 INFO  : Connected to target on host '127.0.0.1' and port '3121'.
01:04:48 INFO  : 'targets -set -filter {jtag_cable_name =~ "Digilent Zybo 210279A7901EA" && level==0} -index 1' command is executed.
01:04:49 INFO  : FPGA configured successfully with bitstream "C:/Users/DLustosa/Desktop/Teste_CAM_VGA/camera/camera.sdk/camera_vga_wrapper_hw_platform_0/camera_vga_wrapper.bit"
01:05:08 INFO  : 'targets -set -filter {jtag_cable_name =~ "Digilent Zybo 210279A7901EA" && level==0} -index 1' command is executed.
01:05:08 INFO  : 'fpga -state' command is executed.
01:05:08 INFO  : Connected to target on host '127.0.0.1' and port '3121'.
01:05:08 INFO  : Jtag cable 'Digilent Zybo 210279A7901EA' is selected.
01:05:08 INFO  : 'jtag frequency' command is executed.
01:05:08 INFO  : Sourcing of 'C:/Users/DLustosa/Desktop/Teste_CAM_VGA/camera/camera.sdk/camera_vga_wrapper_hw_platform_0/ps7_init.tcl' is done.
01:05:08 INFO  : Context for 'APU' is selected.
01:05:08 INFO  : Hardware design information is loaded from 'C:/Users/DLustosa/Desktop/Teste_CAM_VGA/camera/camera.sdk/camera_vga_wrapper_hw_platform_0/system.hdf'.
01:05:08 INFO  : 'configparams force-mem-access 1' command is executed.
01:05:08 INFO  : Context for 'APU' is selected.
01:05:08 INFO  : 'stop' command is executed.
01:05:09 INFO  : 'ps7_init' command is executed.
01:05:09 INFO  : 'ps7_post_config' command is executed.
01:05:09 INFO  : Context for processor 'ps7_cortexa9_0' is selected.
01:05:09 INFO  : Processor reset is completed for 'ps7_cortexa9_0'.
01:05:09 INFO  : Context for processor 'ps7_cortexa9_0' is selected.
01:05:09 INFO  : The application 'C:/Users/DLustosa/Desktop/Teste_CAM_VGA/camera/camera.sdk/TESTE/Debug/TESTE.elf' is downloaded to processor 'ps7_cortexa9_0'.
01:05:09 INFO  : 'configparams force-mem-access 0' command is executed.
01:05:09 INFO  : ----------------XSDB Script----------------
connect -url tcp:127.0.0.1:3121
source C:/Users/DLustosa/Desktop/Teste_CAM_VGA/camera/camera.sdk/camera_vga_wrapper_hw_platform_0/ps7_init.tcl
targets -set -nocase -filter {name =~"APU*" && jtag_cable_name =~ "Digilent Zybo 210279A7901EA"} -index 0
loadhw -hw C:/Users/DLustosa/Desktop/Teste_CAM_VGA/camera/camera.sdk/camera_vga_wrapper_hw_platform_0/system.hdf -mem-ranges [list {0x40000000 0xbfffffff}]
configparams force-mem-access 1
targets -set -nocase -filter {name =~"APU*" && jtag_cable_name =~ "Digilent Zybo 210279A7901EA"} -index 0
stop
ps7_init
ps7_post_config
targets -set -nocase -filter {name =~ "ARM*#0" && jtag_cable_name =~ "Digilent Zybo 210279A7901EA"} -index 0
rst -processor
targets -set -nocase -filter {name =~ "ARM*#0" && jtag_cable_name =~ "Digilent Zybo 210279A7901EA"} -index 0
dow C:/Users/DLustosa/Desktop/Teste_CAM_VGA/camera/camera.sdk/TESTE/Debug/TESTE.elf
configparams force-mem-access 0
----------------End of Script----------------

01:05:09 INFO  : Memory regions updated for context APU
01:05:09 INFO  : Context for processor 'ps7_cortexa9_0' is selected.
01:05:09 INFO  : 'con' command is executed.
01:05:09 INFO  : ----------------XSDB Script (After Launch)----------------
targets -set -nocase -filter {name =~ "ARM*#0" && jtag_cable_name =~ "Digilent Zybo 210279A7901EA"} -index 0
con
----------------End of Script----------------

01:05:09 INFO  : Launch script is exported to file 'C:\Users\DLustosa\Desktop\Teste_CAM_VGA\camera\camera.sdk\.sdk\launch_scripts\xilinx_c-c++_application_(system_debugger)\system_debugger_using_debug_teste.elf_on_local.tcl'
01:52:20 INFO  : Disconnected from the channel tcfchan#1.
